Using pre-set license
Built from '2021.1/staging' branch; Version is '2021.1.7f1 (d91830b65d9b) revision 14227504'; Using compiler version '192528614'; Build Type 'Release'
OS: 'Windows 10 Home; OS build 19041.1052; Version 2004; 64bit' Language: 'pl' Physical Memory: 16253 MB
BatchMode: 1, IsHumanControllingUs: 0, StartBugReporterOnCrash: 0, Is64bit: 1, IsPro: 0

 COMMAND LINE ARGUMENTS:
C:\Program Files\Unity 2021.1.7f1\Editor\Unity.exe
-adb2
-batchMode
-noUpm
-name
AssetImportWorker0
-projectPath
C:/Users/Walkan/Documents/GitHub/ProjectDS/DisasterSurvivalClient
-logFile
Logs/AssetImportWorker0.log
-srvPort
60697
Successfully changed project path to: C:/Users/Walkan/Documents/GitHub/ProjectDS/DisasterSurvivalClient
C:/Users/Walkan/Documents/GitHub/ProjectDS/DisasterSurvivalClient
Using Asset Import Pipeline V2.
Refreshing native plugins compatible for Editor in 240.20 ms, found 4 plugins.
Preloading 0 native plugins for Editor in 0.00 ms.
Initialize engine version: 2021.1.7f1 (d91830b65d9b)
[Subsystems] Discovering subsystems at path C:/Program Files/Unity 2021.1.7f1/Editor/Data/Resources/UnitySubsystems
[Subsystems] Discovering subsystems at path C:/Users/Walkan/Documents/GitHub/ProjectDS/DisasterSurvivalClient/Assets
GfxDevice: creating device client; threaded=0; jobified=0
Direct3D:
    Version:  Direct3D 11.0 [level 11.1]
    Renderer: NVIDIA GeForce GTX 1080 (ID=0x1be0)
    Vendor:   NVIDIA
    VRAM:     8079 MB
    Driver:   27.21.14.6109
Initialize mono
Mono path[0] = 'C:/Program Files/Unity 2021.1.7f1/Editor/Data/Managed'
Mono path[1] = 'C:/Program Files/Unity 2021.1.7f1/Editor/Data/MonoBleedingEdge/lib/mono/unityjit'
Mono config path = 'C:/Program Files/Unity 2021.1.7f1/Editor/Data/MonoBleedingEdge/etc'
Using monoOptions --debugger-agent=transport=dt_socket,embedding=1,server=y,suspend=n,address=127.0.0.1:56716
Begin MonoManager ReloadAssembly
Registering precompiled unity dll's ...
Register platform support module: C:/Program Files/Unity 2021.1.7f1/Editor/Data/PlaybackEngines/WindowsStandaloneSupport/UnityEditor.WindowsStandalone.Extensions.dll
Registered in 0.003254 seconds.
Native extension for WindowsStandalone target not found
Refreshing native plugins compatible for Editor in 213.63 ms, found 4 plugins.
Preloading 0 native plugins for Editor in 0.00 ms.
Mono: successfully reloaded assembly
- Completed reload, in  1.919 seconds
Platform modules already initialized, skipping
Registering precompiled user dll's ...
Registered in 0.020917 seconds.
Begin MonoManager ReloadAssembly
Native extension for WindowsStandalone target not found
Refreshing native plugins compatible for Editor in 172.96 ms, found 4 plugins.
Preloading 0 native plugins for Editor in 0.00 ms.
Mono: successfully reloaded assembly
- Completed reload, in  2.460 seconds
Platform modules already initialized, skipping
========================================================================
Worker process is ready to serve import requests
Launched and connected shader compiler UnityShaderCompiler.exe after 0.07 seconds
Refreshing native plugins compatible for Editor in 1.08 ms, found 4 plugins.
Preloading 0 native plugins for Editor in 0.00 ms.
Unloading 5400 Unused Serialized files (Serialized files now loaded: 0)
System memory in use before: 232.6 MB.
System memory in use after: 232.8 MB.

Unloading 151 unused Assets to reduce memory usage. Loaded Objects now: 5857.
Total: 4.262100 ms (FindLiveObjects: 0.431300 ms CreateObjectMapping: 0.426200 ms MarkObjects: 3.090200 ms  DeleteObjects: 0.313200 ms)

========================================================================
Received Import Request.
  path: Assets/New Terrain.asset
  artifactKey: Guid(3f06a90bc3213c143ab33b04006492b8) Importer(815301076,1909f56bfc062723c751e8b465ee728b)
Start importing Assets/New Terrain.asset using Guid(3f06a90bc3213c143ab33b04006492b8) Importer(815301076,1909f56bfc062723c751e8b465ee728b)  -> (artifact id: '4cc920b85d9a02b17d6afed522b80e9b') in 0.099866 seconds 
========================================================================
Received Import Request.
  Time since last request: 186.909210 seconds.
  path: Assets/Models/Airship.blend
  artifactKey: Guid(cedc467eeec80054bbf0ceb22f515087) Importer(815301076,1909f56bfc062723c751e8b465ee728b)
Start importing Assets/Models/Airship.blend using Guid(cedc467eeec80054bbf0ceb22f515087) Importer(815301076,1909f56bfc062723c751e8b465ee728b) Launched and connected shader compiler UnityShaderCompiler.exe after 0.06 seconds
Launched and connected shader compiler UnityShaderCompiler.exe after 0.06 seconds
Launched and connected shader compiler UnityShaderCompiler.exe after 0.06 seconds
Launched and connected shader compiler UnityShaderCompiler.exe after 0.08 seconds
Launched and connected shader compiler UnityShaderCompiler.exe after 0.09 seconds
Launched and connected shader compiler UnityShaderCompiler.exe after 0.09 seconds
Launched and connected shader compiler UnityShaderCompiler.exe after 0.09 seconds
 -> (artifact id: 'cd965abe438fe161d5d818037b726a71') in 14.598392 seconds 
========================================================================
Received Import Request.
  Time since last request: 0.000606 seconds.
  path: Assets/Models/ocean_plane.blend
  artifactKey: Guid(bbd869d534481fb44a3bfddf57b27b27) Importer(815301076,1909f56bfc062723c751e8b465ee728b)
Start importing Assets/Models/ocean_plane.blend using Guid(bbd869d534481fb44a3bfddf57b27b27) Importer(815301076,1909f56bfc062723c751e8b465ee728b)  -> (artifact id: '2f824b2dadea268690b0ed3303ca54b2') in 0.024917 seconds 
========================================================================
Received Import Request.
  Time since last request: 0.000586 seconds.
  path: Assets/Models/wooden_pallette.blend
  artifactKey: Guid(6118e792b7aa54b4bb8584b97a9a9196) Importer(815301076,1909f56bfc062723c751e8b465ee728b)
Start importing Assets/Models/wooden_pallette.blend using Guid(6118e792b7aa54b4bb8584b97a9a9196) Importer(815301076,1909f56bfc062723c751e8b465ee728b)  -> (artifact id: 'd0b11ee034143eaa715727193ec554e1') in 0.034350 seconds 
========================================================================
Received Import Request.
  Time since last request: 0.000524 seconds.
  path: Assets/Models/crate.blend
  artifactKey: Guid(dc83eb4f403bef043bd889269060cab9) Importer(815301076,1909f56bfc062723c751e8b465ee728b)
Start importing Assets/Models/crate.blend using Guid(dc83eb4f403bef043bd889269060cab9) Importer(815301076,1909f56bfc062723c751e8b465ee728b)  -> (artifact id: '4120676937e1f34cce5f96337bf3844b') in 0.034784 seconds 
========================================================================
Received Import Request.
  Time since last request: 0.000449 seconds.
  path: Assets/Models/barrel.blend
  artifactKey: Guid(dd1a0a3a28176b24ea1ec038ebc19689) Importer(815301076,1909f56bfc062723c751e8b465ee728b)
Start importing Assets/Models/barrel.blend using Guid(dd1a0a3a28176b24ea1ec038ebc19689) Importer(815301076,1909f56bfc062723c751e8b465ee728b)  -> (artifact id: 'dd21a766d41fa0fec300bb1a16e4c522') in 0.060805 seconds 
========================================================================
Received Import Request.
  Time since last request: 0.000491 seconds.
  path: Assets/Models/wooden_pallette_parts.blend
  artifactKey: Guid(8c4ec1f382259f8469e58c30c7cf025d) Importer(815301076,1909f56bfc062723c751e8b465ee728b)
Start importing Assets/Models/wooden_pallette_parts.blend using Guid(8c4ec1f382259f8469e58c30c7cf025d) Importer(815301076,1909f56bfc062723c751e8b465ee728b)  -> (artifact id: 'c3cbd060362e18ccdf7a99d77ede1ded') in 0.678060 seconds 
========================================================================
Received Import Request.
  Time since last request: 0.000443 seconds.
  path: Assets/Models/crate_parts.blend
  artifactKey: Guid(f0b943af8459dd84bbc0f32228f0c2f2) Importer(815301076,1909f56bfc062723c751e8b465ee728b)
Start importing Assets/Models/crate_parts.blend using Guid(f0b943af8459dd84bbc0f32228f0c2f2) Importer(815301076,1909f56bfc062723c751e8b465ee728b)  -> (artifact id: '37853469cddf80430cfd6c8695c177c1') in 1.986994 seconds 
========================================================================
Received Import Request.
  Time since last request: 0.000543 seconds.
  path: Assets/Models/streetlamp.blend
  artifactKey: Guid(27186bb92682c7146b14bc615b05f262) Importer(815301076,1909f56bfc062723c751e8b465ee728b)
Start importing Assets/Models/streetlamp.blend using Guid(27186bb92682c7146b14bc615b05f262) Importer(815301076,1909f56bfc062723c751e8b465ee728b)  -> (artifact id: '67a9652adcf01f3247eab1c879067a46') in 0.050098 seconds 
========================================================================
Received Import Request.
  Time since last request: 0.000404 seconds.
  path: Assets/Models/barrel_parts.blend
  artifactKey: Guid(3176062ffd81b7f489c63b8e768f7063) Importer(815301076,1909f56bfc062723c751e8b465ee728b)
Start importing Assets/Models/barrel_parts.blend using Guid(3176062ffd81b7f489c63b8e768f7063) Importer(815301076,1909f56bfc062723c751e8b465ee728b)  -> (artifact id: '5bc60b6cff562d1f2e1e4e30e775d60a') in 1.039087 seconds 
AssetImportWorkerClient::OnTransportError - code=2 error=End of file
