Using pre-set license
Built from '2021.1/staging' branch; Version is '2021.1.7f1 (d91830b65d9b) revision 14227504'; Using compiler version '192528614'; Build Type 'Release'
OS: 'Windows 10 Home; OS build 19042.1052; Version 2009; 64bit' Language: 'pl' Physical Memory: 32699 MB
BatchMode: 1, IsHumanControllingUs: 0, StartBugReporterOnCrash: 0, Is64bit: 1, IsPro: 0

 COMMAND LINE ARGUMENTS:
C:\Program Files\Unity\Hub\Editor\2021.1.7f1\Editor\Unity.exe
-adb2
-batchMode
-noUpm
-name
AssetImportWorker0
-projectPath
C:/Users/bajti/Unity Projects/DS/DisasterSurvivalClient
-logFile
Logs/AssetImportWorker0.log
-srvPort
58447
Successfully changed project path to: C:/Users/bajti/Unity Projects/DS/DisasterSurvivalClient
C:/Users/bajti/Unity Projects/DS/DisasterSurvivalClient
Using Asset Import Pipeline V2.
Refreshing native plugins compatible for Editor in 76.12 ms, found 4 plugins.
Preloading 0 native plugins for Editor in 0.00 ms.
Initialize engine version: 2021.1.7f1 (d91830b65d9b)
[Subsystems] Discovering subsystems at path C:/Program Files/Unity/Hub/Editor/2021.1.7f1/Editor/Data/Resources/UnitySubsystems
[Subsystems] Discovering subsystems at path C:/Users/bajti/Unity Projects/DS/DisasterSurvivalClient/Assets
GfxDevice: creating device client; threaded=0; jobified=0
Direct3D:
    Version:  Direct3D 11.0 [level 11.1]
    Renderer: NVIDIA GeForce RTX 2070 (ID=0x1f02)
    Vendor:   NVIDIA
    VRAM:     8031 MB
    Driver:   27.21.14.6589
Initialize mono
Mono path[0] = 'C:/Program Files/Unity/Hub/Editor/2021.1.7f1/Editor/Data/Managed'
Mono path[1] = 'C:/Program Files/Unity/Hub/Editor/2021.1.7f1/Editor/Data/MonoBleedingEdge/lib/mono/unityjit'
Mono config path = 'C:/Program Files/Unity/Hub/Editor/2021.1.7f1/Editor/Data/MonoBleedingEdge/etc'
Using monoOptions --debugger-agent=transport=dt_socket,embedding=1,server=y,suspend=n,address=127.0.0.1:56020
Begin MonoManager ReloadAssembly
Registering precompiled unity dll's ...
Register platform support module: C:/Program Files/Unity/Hub/Editor/2021.1.7f1/Editor/Data/PlaybackEngines/WindowsStandaloneSupport/UnityEditor.WindowsStandalone.Extensions.dll
Registered in 0.001613 seconds.
Native extension for WindowsStandalone target not found
Refreshing native plugins compatible for Editor in 75.27 ms, found 4 plugins.
Preloading 0 native plugins for Editor in 0.00 ms.
Mono: successfully reloaded assembly
- Completed reload, in  1.045 seconds
Platform modules already initialized, skipping
Registering precompiled user dll's ...
Registered in 0.007920 seconds.
Begin MonoManager ReloadAssembly
Symbol file LoadedFromMemory is not a mono symbol file
Symbol file LoadedFromMemory is not a mono symbol file
Symbol file LoadedFromMemory is not a mono symbol file
Symbol file LoadedFromMemory is not a mono symbol file
Native extension for WindowsStandalone target not found
Refreshing native plugins compatible for Editor in 0.74 ms, found 4 plugins.
Preloading 0 native plugins for Editor in 0.00 ms.
Mono: successfully reloaded assembly
- Completed reload, in  0.970 seconds
Platform modules already initialized, skipping
========================================================================
Worker process is ready to serve import requests
Launched and connected shader compiler UnityShaderCompiler.exe after 0.03 seconds
Refreshing native plugins compatible for Editor in 0.80 ms, found 4 plugins.
Preloading 0 native plugins for Editor in 0.00 ms.
Unloading 3136 Unused Serialized files (Serialized files now loaded: 0)
System memory in use before: 194.8 MB.
System memory in use after: 195.0 MB.

Unloading 111 unused Assets to reduce memory usage. Loaded Objects now: 3599.
Total: 2.442300 ms (FindLiveObjects: 0.318100 ms CreateObjectMapping: 0.155100 ms MarkObjects: 1.750400 ms  DeleteObjects: 0.217700 ms)

========================================================================
Received Import Request.
  path: Assets/Models/StreetLamp.blend
  artifactKey: Guid(27186bb92682c7146b14bc615b05f262) Importer(815301076,1909f56bfc062723c751e8b465ee728b)
Start importing Assets/Models/StreetLamp.blend using Guid(27186bb92682c7146b14bc615b05f262) Importer(815301076,1909f56bfc062723c751e8b465ee728b)  -> (artifact id: '064fee827bc8ff94a0cb4df96aed7c05') in 0.114370 seconds 
========================================================================
Received Import Request.
  Time since last request: 5.634027 seconds.
  path: Assets/Models/textures 1
  artifactKey: Guid(c2168a7fc9f96c543a560f0e27c06234) Importer(815301076,1909f56bfc062723c751e8b465ee728b)
Start importing Assets/Models/textures 1 using Guid(c2168a7fc9f96c543a560f0e27c06234) Importer(815301076,1909f56bfc062723c751e8b465ee728b)  -> (artifact id: '403e5923cc1683c61b2b093a636e1f36') in 0.005645 seconds 
========================================================================
Received Import Request.
  Time since last request: 2.473565 seconds.
  path: Assets/Models/textures 1/Pole_m.png
  artifactKey: Guid(4e90b29c68699d24bab548fc34ad83ae) Importer(815301076,1909f56bfc062723c751e8b465ee728b)
Start importing Assets/Models/textures 1/Pole_m.png using Guid(4e90b29c68699d24bab548fc34ad83ae) Importer(815301076,1909f56bfc062723c751e8b465ee728b)  -> (artifact id: '14ff9d58a841a8418d92d328dfd00235') in 0.033430 seconds 
========================================================================
Received Import Request.
  Time since last request: 12.545482 seconds.
  path: Assets/Models/textures/LampPole_m.png
  artifactKey: Guid(4e90b29c68699d24bab548fc34ad83ae) Importer(815301076,1909f56bfc062723c751e8b465ee728b)
Start importing Assets/Models/textures/LampPole_m.png using Guid(4e90b29c68699d24bab548fc34ad83ae) Importer(815301076,1909f56bfc062723c751e8b465ee728b)  -> (artifact id: 'cbb00fae26435602f200b325075bcb0f') in 0.012716 seconds 
========================================================================
Received Import Request.
  Time since last request: 1.528530 seconds.
  path: Assets/Models/textures/Pole_r.png
  artifactKey: Guid(e16f42421e8a83c4dbb171045efbc70b) Importer(815301076,1909f56bfc062723c751e8b465ee728b)
Start importing Assets/Models/textures/Pole_r.png using Guid(e16f42421e8a83c4dbb171045efbc70b) Importer(815301076,1909f56bfc062723c751e8b465ee728b)  -> (artifact id: '0567e96f7537a10eea5e0bf899a0e7db') in 0.011872 seconds 
========================================================================
Received Import Request.
  Time since last request: 3.279528 seconds.
  path: Assets/Models/textures/LampPole_r.png
  artifactKey: Guid(e16f42421e8a83c4dbb171045efbc70b) Importer(815301076,1909f56bfc062723c751e8b465ee728b)
Start importing Assets/Models/textures/LampPole_r.png using Guid(e16f42421e8a83c4dbb171045efbc70b) Importer(815301076,1909f56bfc062723c751e8b465ee728b)  -> (artifact id: 'fa290b348e879aa5d46270ae1d5c5947') in 0.010860 seconds 
========================================================================
Received Import Request.
  Time since last request: 1.941827 seconds.
  path: Assets/Models/textures/Pole_t.png
  artifactKey: Guid(82ff2914def69824f8092ed88e5a845c) Importer(815301076,1909f56bfc062723c751e8b465ee728b)
Start importing Assets/Models/textures/Pole_t.png using Guid(82ff2914def69824f8092ed88e5a845c) Importer(815301076,1909f56bfc062723c751e8b465ee728b)  -> (artifact id: '996c7d5d27bc37c3ebd6def75d7355e5') in 0.012843 seconds 
========================================================================
Received Import Request.
  Time since last request: 4.050619 seconds.
  path: Assets/Models/textures/LampPole_t.png
  artifactKey: Guid(82ff2914def69824f8092ed88e5a845c) Importer(815301076,1909f56bfc062723c751e8b465ee728b)
Start importing Assets/Models/textures/LampPole_t.png using Guid(82ff2914def69824f8092ed88e5a845c) Importer(815301076,1909f56bfc062723c751e8b465ee728b)  -> (artifact id: '258774e8a27802d44a5a0968271f8639') in 0.011416 seconds 
========================================================================
Received Import Request.
  Time since last request: 229.418885 seconds.
  path: Assets/Models/streetlamp.blend
  artifactKey: Guid(27186bb92682c7146b14bc615b05f262) Importer(815301076,1909f56bfc062723c751e8b465ee728b)
Start importing Assets/Models/streetlamp.blend using Guid(27186bb92682c7146b14bc615b05f262) Importer(815301076,1909f56bfc062723c751e8b465ee728b)  -> (artifact id: '683e00ee0c60326263c1e49e0da1fcf5') in 0.027947 seconds 
========================================================================
Received Import Request.
  Time since last request: 101.426872 seconds.
  path: Assets/Models/streetlamp.blend
  artifactKey: Guid(27186bb92682c7146b14bc615b05f262) Importer(815301076,1909f56bfc062723c751e8b465ee728b)
Start importing Assets/Models/streetlamp.blend using Guid(27186bb92682c7146b14bc615b05f262) Importer(815301076,1909f56bfc062723c751e8b465ee728b)  -> (artifact id: '8d3752ae593ff50daf1c37644a0fc5c6') in 0.059021 seconds 
========================================================================
Received Import Request.
  Time since last request: 49.756656 seconds.
  path: Assets/Scenes/Map/Lightmap-0_comp_dir.png
  artifactKey: Guid(6d8b8c2d1bdccd94b942ed23b51a243f) Importer(815301076,1909f56bfc062723c751e8b465ee728b)
Start importing Assets/Scenes/Map/Lightmap-0_comp_dir.png using Guid(6d8b8c2d1bdccd94b942ed23b51a243f) Importer(815301076,1909f56bfc062723c751e8b465ee728b)  -> (artifact id: 'e13f2724453d0f40cd791fd32c5f9ccf') in 0.011823 seconds 
========================================================================
Received Import Request.
  Time since last request: 0.000255 seconds.
  path: Assets/Scenes/Map/Lightmap-8_comp_light.exr
  artifactKey: Guid(0a72f2d3cd19ce74ebe4ec5cc7f90e4c) Importer(815301076,1909f56bfc062723c751e8b465ee728b)
Start importing Assets/Scenes/Map/Lightmap-8_comp_light.exr using Guid(0a72f2d3cd19ce74ebe4ec5cc7f90e4c) Importer(815301076,1909f56bfc062723c751e8b465ee728b)  -> (artifact id: '1483d7a7ed3c2d457ce2c02944a9faf9') in 0.018268 seconds 
========================================================================
Received Import Request.
  Time since last request: 0.000251 seconds.
  path: Assets/Scenes/Map/Lightmap-11_comp_light.exr
  artifactKey: Guid(91f64f52859c8fd4690bbbd865eeb61d) Importer(815301076,1909f56bfc062723c751e8b465ee728b)
Start importing Assets/Scenes/Map/Lightmap-11_comp_light.exr using Guid(91f64f52859c8fd4690bbbd865eeb61d) Importer(815301076,1909f56bfc062723c751e8b465ee728b)  -> (artifact id: '1c593bf7ae98f826cd948f3958a7c912') in 0.012993 seconds 
========================================================================
Received Import Request.
  Time since last request: 0.000179 seconds.
  path: Assets/Scenes/Map/ReflectionProbe-1.exr
  artifactKey: Guid(612956a11df74084295297466dd3747a) Importer(815301076,1909f56bfc062723c751e8b465ee728b)
Start importing Assets/Scenes/Map/ReflectionProbe-1.exr using Guid(612956a11df74084295297466dd3747a) Importer(815301076,1909f56bfc062723c751e8b465ee728b)  -> (artifact id: '893fd895ca4b784a50c70697b893add1') in 0.018839 seconds 
========================================================================
Received Import Request.
  Time since last request: 0.000195 seconds.
  path: Assets/Scenes/Map/Lightmap-4_comp_light.exr
  artifactKey: Guid(93f78ce5e47bb33479f05782d437fb2c) Importer(815301076,1909f56bfc062723c751e8b465ee728b)
Start importing Assets/Scenes/Map/Lightmap-4_comp_light.exr using Guid(93f78ce5e47bb33479f05782d437fb2c) Importer(815301076,1909f56bfc062723c751e8b465ee728b)  -> (artifact id: '62aee725ca7d5863da3476cf1521d617') in 0.010583 seconds 
========================================================================
Received Import Request.
  Time since last request: 0.000193 seconds.
  path: Assets/Scenes/Map/Lightmap-6_comp_dir.png
  artifactKey: Guid(0fcd0fe377be6fd4ab515c96f5e07e80) Importer(815301076,1909f56bfc062723c751e8b465ee728b)
Start importing Assets/Scenes/Map/Lightmap-6_comp_dir.png using Guid(0fcd0fe377be6fd4ab515c96f5e07e80) Importer(815301076,1909f56bfc062723c751e8b465ee728b)  -> (artifact id: '92795cf013025a93ac173ca4505b36b4') in 0.011512 seconds 
========================================================================
Received Import Request.
  Time since last request: 0.000160 seconds.
  path: Assets/Scenes/Map/ReflectionProbe-4.exr
  artifactKey: Guid(53c15989c53e1c3438c3d3fda52e4464) Importer(815301076,1909f56bfc062723c751e8b465ee728b)
Start importing Assets/Scenes/Map/ReflectionProbe-4.exr using Guid(53c15989c53e1c3438c3d3fda52e4464) Importer(815301076,1909f56bfc062723c751e8b465ee728b)  -> (artifact id: '27c71e7bc5f8d65d68e9eb00b7a54695') in 0.013143 seconds 
========================================================================
Received Import Request.
  Time since last request: 0.000198 seconds.
  path: Assets/Scenes/Map/ReflectionProbe-3.exr
  artifactKey: Guid(6dc0f36070fd7eb4bba323ac323cdd39) Importer(815301076,1909f56bfc062723c751e8b465ee728b)
Start importing Assets/Scenes/Map/ReflectionProbe-3.exr using Guid(6dc0f36070fd7eb4bba323ac323cdd39) Importer(815301076,1909f56bfc062723c751e8b465ee728b)  -> (artifact id: '67c18870352fb4feec97031aa4527368') in 0.016487 seconds 
========================================================================
Received Import Request.
  Time since last request: 0.000168 seconds.
  path: Assets/Scenes/Map/Lightmap-0_comp_light.exr
  artifactKey: Guid(5152ce5f922b717489e1234d800d3c54) Importer(815301076,1909f56bfc062723c751e8b465ee728b)
Start importing Assets/Scenes/Map/Lightmap-0_comp_light.exr using Guid(5152ce5f922b717489e1234d800d3c54) Importer(815301076,1909f56bfc062723c751e8b465ee728b)  -> (artifact id: 'c93028ac6a9ce52a24d7d4ed94f13263') in 0.011838 seconds 
========================================================================
Received Import Request.
  Time since last request: 0.000160 seconds.
  path: Assets/Scenes/Map/Lightmap-6_comp_light.exr
  artifactKey: Guid(bbb48fc0f5a706046baa3252027a5420) Importer(815301076,1909f56bfc062723c751e8b465ee728b)
Start importing Assets/Scenes/Map/Lightmap-6_comp_light.exr using Guid(bbb48fc0f5a706046baa3252027a5420) Importer(815301076,1909f56bfc062723c751e8b465ee728b)  -> (artifact id: '90c59a0e42a1568562e2e16f461d99c7') in 0.012248 seconds 
========================================================================
Received Import Request.
  Time since last request: 0.000186 seconds.
  path: Assets/Scenes/Map/Lightmap-11_comp_dir.png
  artifactKey: Guid(53b92c3166baf84448296432ee8c9fa4) Importer(815301076,1909f56bfc062723c751e8b465ee728b)
Start importing Assets/Scenes/Map/Lightmap-11_comp_dir.png using Guid(53b92c3166baf84448296432ee8c9fa4) Importer(815301076,1909f56bfc062723c751e8b465ee728b)  -> (artifact id: '1b42363149a580463bddd5a1c450d375') in 0.010713 seconds 
========================================================================
Received Import Request.
  Time since last request: 0.000146 seconds.
  path: Assets/Scenes/Map/Lightmap-10_comp_dir.png
  artifactKey: Guid(56a6267133385ac449ebd81e7d9e8600) Importer(815301076,1909f56bfc062723c751e8b465ee728b)
Start importing Assets/Scenes/Map/Lightmap-10_comp_dir.png using Guid(56a6267133385ac449ebd81e7d9e8600) Importer(815301076,1909f56bfc062723c751e8b465ee728b)  -> (artifact id: 'ccb94ee1bc27f2d07f163c9184f8d691') in 0.010724 seconds 
========================================================================
Received Import Request.
  Time since last request: 0.000165 seconds.
  path: Assets/Scenes/Map/Lightmap-11_comp_shadowmask.png
  artifactKey: Guid(169a3a4b51870fe41afd83c7b6bb989b) Importer(815301076,1909f56bfc062723c751e8b465ee728b)
Start importing Assets/Scenes/Map/Lightmap-11_comp_shadowmask.png using Guid(169a3a4b51870fe41afd83c7b6bb989b) Importer(815301076,1909f56bfc062723c751e8b465ee728b)  -> (artifact id: '4f98fea2cfe7a66676c24b10e2de49ba') in 0.012933 seconds 
========================================================================
Received Import Request.
  Time since last request: 0.000184 seconds.
  path: Assets/Scenes/Map/Lightmap-2_comp_light.exr
  artifactKey: Guid(9a3e0ff7d36ed5f4f8ae5f52d91bf7b2) Importer(815301076,1909f56bfc062723c751e8b465ee728b)
Start importing Assets/Scenes/Map/Lightmap-2_comp_light.exr using Guid(9a3e0ff7d36ed5f4f8ae5f52d91bf7b2) Importer(815301076,1909f56bfc062723c751e8b465ee728b)  -> (artifact id: 'f355582455a659b6a7b8655af562ad2a') in 0.015006 seconds 
========================================================================
Received Import Request.
  Time since last request: 0.000222 seconds.
  path: Assets/Scenes/Map/Lightmap-7_comp_dir.png
  artifactKey: Guid(5f84bf7d9ec0e9341a03eb23cb198b07) Importer(815301076,1909f56bfc062723c751e8b465ee728b)
Start importing Assets/Scenes/Map/Lightmap-7_comp_dir.png using Guid(5f84bf7d9ec0e9341a03eb23cb198b07) Importer(815301076,1909f56bfc062723c751e8b465ee728b)  -> (artifact id: 'aad10107d44178d03d7e8bfaa9cb6d37') in 0.017896 seconds 
========================================================================
Received Import Request.
  Time since last request: 0.000182 seconds.
  path: Assets/Scenes/Map/Lightmap-0_comp_shadowmask.png
  artifactKey: Guid(75385521c7a01514eb8e7e730b429abb) Importer(815301076,1909f56bfc062723c751e8b465ee728b)
Start importing Assets/Scenes/Map/Lightmap-0_comp_shadowmask.png using Guid(75385521c7a01514eb8e7e730b429abb) Importer(815301076,1909f56bfc062723c751e8b465ee728b)  -> (artifact id: 'f4a2053d4ec8e26b391930000e834b47') in 0.012332 seconds 
========================================================================
Received Import Request.
  Time since last request: 0.000160 seconds.
  path: Assets/Scenes/Map/Lightmap-5_comp_dir.png
  artifactKey: Guid(7a2ea64a985ce804c884ef05631ede48) Importer(815301076,1909f56bfc062723c751e8b465ee728b)
Start importing Assets/Scenes/Map/Lightmap-5_comp_dir.png using Guid(7a2ea64a985ce804c884ef05631ede48) Importer(815301076,1909f56bfc062723c751e8b465ee728b)  -> (artifact id: '2bb129f81d83bc55d2ff14b7f43799f3') in 0.010578 seconds 
========================================================================
Received Import Request.
  Time since last request: 0.000192 seconds.
  path: Assets/Scenes/Map/Lightmap-9_comp_shadowmask.png
  artifactKey: Guid(dd0fe9fb4ca63c842adeb4849f025457) Importer(815301076,1909f56bfc062723c751e8b465ee728b)
Start importing Assets/Scenes/Map/Lightmap-9_comp_shadowmask.png using Guid(dd0fe9fb4ca63c842adeb4849f025457) Importer(815301076,1909f56bfc062723c751e8b465ee728b)  -> (artifact id: 'b5cf96530f0b02caba6e734c522ac4a0') in 0.011001 seconds 
========================================================================
Received Import Request.
  Time since last request: 0.000142 seconds.
  path: Assets/Scenes/Map/Lightmap-4_comp_shadowmask.png
  artifactKey: Guid(ff3e33d3fcccf554cbff85197546ea18) Importer(815301076,1909f56bfc062723c751e8b465ee728b)
Start importing Assets/Scenes/Map/Lightmap-4_comp_shadowmask.png using Guid(ff3e33d3fcccf554cbff85197546ea18) Importer(815301076,1909f56bfc062723c751e8b465ee728b)  -> (artifact id: '5ad5f2be41afe8b127b7e4311f6af410') in 0.010322 seconds 
========================================================================
Received Import Request.
  Time since last request: 0.000167 seconds.
  path: Assets/Scenes/Map/Lightmap-1_comp_light.exr
  artifactKey: Guid(726f71e7bd1795a4199088edc1f76e50) Importer(815301076,1909f56bfc062723c751e8b465ee728b)
Start importing Assets/Scenes/Map/Lightmap-1_comp_light.exr using Guid(726f71e7bd1795a4199088edc1f76e50) Importer(815301076,1909f56bfc062723c751e8b465ee728b)  -> (artifact id: 'ff29eeac7d8933c77b8c3dfa80af7446') in 0.009456 seconds 
========================================================================
Received Import Request.
  Time since last request: 0.000209 seconds.
  path: Assets/Scenes/Map/Lightmap-3_comp_light.exr
  artifactKey: Guid(9a549f7fea5934045a549d4feb148a7b) Importer(815301076,1909f56bfc062723c751e8b465ee728b)
Start importing Assets/Scenes/Map/Lightmap-3_comp_light.exr using Guid(9a549f7fea5934045a549d4feb148a7b) Importer(815301076,1909f56bfc062723c751e8b465ee728b)  -> (artifact id: '7ab2e1bf593ef46052367fb3e88527a6') in 0.009315 seconds 
========================================================================
Received Import Request.
  Time since last request: 0.000127 seconds.
  path: Assets/Scenes/Map/ReflectionProbe-6.exr
  artifactKey: Guid(f28840a1b6d2aa842aa3be9ee8568095) Importer(815301076,1909f56bfc062723c751e8b465ee728b)
Start importing Assets/Scenes/Map/ReflectionProbe-6.exr using Guid(f28840a1b6d2aa842aa3be9ee8568095) Importer(815301076,1909f56bfc062723c751e8b465ee728b)  -> (artifact id: 'ddc2afddec392fe50ab02e8d732f6c79') in 0.011991 seconds 
========================================================================
Received Import Request.
  Time since last request: 0.000158 seconds.
  path: Assets/Scenes/Map/Lightmap-12_comp_light.exr
  artifactKey: Guid(659c4f262295fe942ac3f42d81c7c464) Importer(815301076,1909f56bfc062723c751e8b465ee728b)
Start importing Assets/Scenes/Map/Lightmap-12_comp_light.exr using Guid(659c4f262295fe942ac3f42d81c7c464) Importer(815301076,1909f56bfc062723c751e8b465ee728b)  -> (artifact id: '33f9ff51a6ecca28abcbc65d6a25c3e6') in 0.011023 seconds 
========================================================================
Received Import Request.
  Time since last request: 0.000154 seconds.
  path: Assets/Scenes/Map/Lightmap-2_comp_dir.png
  artifactKey: Guid(821c30d6e67b4d54eb94445b98b54e36) Importer(815301076,1909f56bfc062723c751e8b465ee728b)
Start importing Assets/Scenes/Map/Lightmap-2_comp_dir.png using Guid(821c30d6e67b4d54eb94445b98b54e36) Importer(815301076,1909f56bfc062723c751e8b465ee728b)  -> (artifact id: '42ee22dba7c86280814defec2b8ec63d') in 0.010540 seconds 
========================================================================
Received Import Request.
  Time since last request: 0.000182 seconds.
  path: Assets/Scenes/Map/Lightmap-12_comp_shadowmask.png
  artifactKey: Guid(f5db0f1ba220ada4387e7cdaa66b98a5) Importer(815301076,1909f56bfc062723c751e8b465ee728b)
Start importing Assets/Scenes/Map/Lightmap-12_comp_shadowmask.png using Guid(f5db0f1ba220ada4387e7cdaa66b98a5) Importer(815301076,1909f56bfc062723c751e8b465ee728b)  -> (artifact id: '75f5784c2950fccbecf822b615aa2f36') in 0.009640 seconds 
========================================================================
Received Import Request.
  Time since last request: 0.000188 seconds.
  path: Assets/Scenes/Map/ReflectionProbe-0.exr
  artifactKey: Guid(dd24772352895f544862c88a9dc58703) Importer(815301076,1909f56bfc062723c751e8b465ee728b)
Start importing Assets/Scenes/Map/ReflectionProbe-0.exr using Guid(dd24772352895f544862c88a9dc58703) Importer(815301076,1909f56bfc062723c751e8b465ee728b)  -> (artifact id: 'ccd14afd17f7e0baaf6641135b86cd1d') in 0.012318 seconds 
========================================================================
Received Import Request.
  Time since last request: 0.000144 seconds.
  path: Assets/Scenes/Map/Lightmap-4_comp_dir.png
  artifactKey: Guid(149f99549a4350749853551b1543281c) Importer(815301076,1909f56bfc062723c751e8b465ee728b)
Start importing Assets/Scenes/Map/Lightmap-4_comp_dir.png using Guid(149f99549a4350749853551b1543281c) Importer(815301076,1909f56bfc062723c751e8b465ee728b)  -> (artifact id: 'bcdba30a19c1f9aa6d683ae1a5aeb77c') in 0.009174 seconds 
========================================================================
Received Import Request.
  Time since last request: 0.000152 seconds.
  path: Assets/Scenes/Map/Lightmap-7_comp_light.exr
  artifactKey: Guid(05ae3e66d9985884f90b6d0ea1aea966) Importer(815301076,1909f56bfc062723c751e8b465ee728b)
Start importing Assets/Scenes/Map/Lightmap-7_comp_light.exr using Guid(05ae3e66d9985884f90b6d0ea1aea966) Importer(815301076,1909f56bfc062723c751e8b465ee728b)  -> (artifact id: '6fb1feaff13fd17c7285f7f0a6acf433') in 0.011542 seconds 
========================================================================
Received Import Request.
  Time since last request: 0.000153 seconds.
  path: Assets/Scenes/Map/Lightmap-10_comp_light.exr
  artifactKey: Guid(d281bc7f549aa9e46ab2159b6eeba53c) Importer(815301076,1909f56bfc062723c751e8b465ee728b)
Start importing Assets/Scenes/Map/Lightmap-10_comp_light.exr using Guid(d281bc7f549aa9e46ab2159b6eeba53c) Importer(815301076,1909f56bfc062723c751e8b465ee728b)  -> (artifact id: 'd93b716e2f6ae9af863fa01eff846e4f') in 0.009326 seconds 
========================================================================
Received Import Request.
  Time since last request: 0.000143 seconds.
  path: Assets/Scenes/Map/Lightmap-7_comp_shadowmask.png
  artifactKey: Guid(73358e5ca8d441f4c889c8de376fb533) Importer(815301076,1909f56bfc062723c751e8b465ee728b)
Start importing Assets/Scenes/Map/Lightmap-7_comp_shadowmask.png using Guid(73358e5ca8d441f4c889c8de376fb533) Importer(815301076,1909f56bfc062723c751e8b465ee728b)  -> (artifact id: '56b09e8a256299c6662586a266a14e16') in 0.011864 seconds 
========================================================================
Received Import Request.
  Time since last request: 0.000164 seconds.
  path: Assets/Scenes/Map/Lightmap-12_comp_dir.png
  artifactKey: Guid(7e5a6c160a42a8043a7cdbe3172d3ba1) Importer(815301076,1909f56bfc062723c751e8b465ee728b)
Start importing Assets/Scenes/Map/Lightmap-12_comp_dir.png using Guid(7e5a6c160a42a8043a7cdbe3172d3ba1) Importer(815301076,1909f56bfc062723c751e8b465ee728b)  -> (artifact id: '8a596eefce2d0752bb1e23f592d0b8dd') in 0.010657 seconds 
========================================================================
Received Import Request.
  Time since last request: 0.000145 seconds.
  path: Assets/Scenes/Map/Lightmap-5_comp_shadowmask.png
  artifactKey: Guid(a5ccf8e97ef2bdb46b8b7823d1a3487b) Importer(815301076,1909f56bfc062723c751e8b465ee728b)
Start importing Assets/Scenes/Map/Lightmap-5_comp_shadowmask.png using Guid(a5ccf8e97ef2bdb46b8b7823d1a3487b) Importer(815301076,1909f56bfc062723c751e8b465ee728b)  -> (artifact id: '13105240a39af867b983a30cc11a6b71') in 0.012146 seconds 
========================================================================
Received Import Request.
  Time since last request: 0.000206 seconds.
  path: Assets/Scenes/Map/Lightmap-6_comp_shadowmask.png
  artifactKey: Guid(74ad6b989f8461243b2dab7f5bdf9b06) Importer(815301076,1909f56bfc062723c751e8b465ee728b)
Start importing Assets/Scenes/Map/Lightmap-6_comp_shadowmask.png using Guid(74ad6b989f8461243b2dab7f5bdf9b06) Importer(815301076,1909f56bfc062723c751e8b465ee728b)  -> (artifact id: '0131f539f8b07a2bad45e913f52d166a') in 0.010369 seconds 
========================================================================
Received Import Request.
  Time since last request: 0.000154 seconds.
  path: Assets/Scenes/Map/ReflectionProbe-5.exr
  artifactKey: Guid(912d29e98ee47dc47b3897356f6f05f0) Importer(815301076,1909f56bfc062723c751e8b465ee728b)
Start importing Assets/Scenes/Map/ReflectionProbe-5.exr using Guid(912d29e98ee47dc47b3897356f6f05f0) Importer(815301076,1909f56bfc062723c751e8b465ee728b)  -> (artifact id: '20b20ddea61e30e135d6bd61d1c1fbb3') in 0.013529 seconds 
========================================================================
Received Import Request.
  Time since last request: 0.000154 seconds.
  path: Assets/Scenes/Map/Lightmap-3_comp_dir.png
  artifactKey: Guid(676c8f6f9fddab948aeb66c8de737936) Importer(815301076,1909f56bfc062723c751e8b465ee728b)
Start importing Assets/Scenes/Map/Lightmap-3_comp_dir.png using Guid(676c8f6f9fddab948aeb66c8de737936) Importer(815301076,1909f56bfc062723c751e8b465ee728b)  -> (artifact id: '9281835751364611d049e491be2cfcba') in 0.009950 seconds 
========================================================================
Received Import Request.
  Time since last request: 0.000148 seconds.
  path: Assets/Scenes/Map/Lightmap-8_comp_dir.png
  artifactKey: Guid(eec432bbcf8341d4fb0fadab14e5ca70) Importer(815301076,1909f56bfc062723c751e8b465ee728b)
Start importing Assets/Scenes/Map/Lightmap-8_comp_dir.png using Guid(eec432bbcf8341d4fb0fadab14e5ca70) Importer(815301076,1909f56bfc062723c751e8b465ee728b)  -> (artifact id: 'a79348a868adf22fec4036c9ccd79d28') in 0.010739 seconds 
========================================================================
Received Import Request.
  Time since last request: 0.000179 seconds.
  path: Assets/Scenes/Map/Lightmap-1_comp_dir.png
  artifactKey: Guid(00265ce05132bbd478a3ac46c81d3b21) Importer(815301076,1909f56bfc062723c751e8b465ee728b)
Start importing Assets/Scenes/Map/Lightmap-1_comp_dir.png using Guid(00265ce05132bbd478a3ac46c81d3b21) Importer(815301076,1909f56bfc062723c751e8b465ee728b)  -> (artifact id: '8bf0338fa9634ee63aba28e2e154ef4f') in 0.010568 seconds 
========================================================================
Received Import Request.
  Time since last request: 0.000127 seconds.
  path: Assets/Scenes/Map/Lightmap-9_comp_light.exr
  artifactKey: Guid(ddf2abd8c90836d4a91d0c8a327257df) Importer(815301076,1909f56bfc062723c751e8b465ee728b)
Start importing Assets/Scenes/Map/Lightmap-9_comp_light.exr using Guid(ddf2abd8c90836d4a91d0c8a327257df) Importer(815301076,1909f56bfc062723c751e8b465ee728b)  -> (artifact id: '2d9ac18cae38cd0188f7f0d41577060d') in 0.009717 seconds 
========================================================================
Received Import Request.
  Time since last request: 0.000168 seconds.
  path: Assets/Scenes/Map/Lightmap-8_comp_shadowmask.png
  artifactKey: Guid(2bfcc3883072e0b43beaa6947b8234a7) Importer(815301076,1909f56bfc062723c751e8b465ee728b)
Start importing Assets/Scenes/Map/Lightmap-8_comp_shadowmask.png using Guid(2bfcc3883072e0b43beaa6947b8234a7) Importer(815301076,1909f56bfc062723c751e8b465ee728b)  -> (artifact id: '63ee7c1c66b7ccccd0e8161e31246dc9') in 0.010604 seconds 
========================================================================
Received Import Request.
  Time since last request: 0.000160 seconds.
  path: Assets/Scenes/Map/ReflectionProbe-2.exr
  artifactKey: Guid(504675baf2759d043a6a6a20db852d9b) Importer(815301076,1909f56bfc062723c751e8b465ee728b)
Start importing Assets/Scenes/Map/ReflectionProbe-2.exr using Guid(504675baf2759d043a6a6a20db852d9b) Importer(815301076,1909f56bfc062723c751e8b465ee728b)  -> (artifact id: 'ab76673c6665630a4b44cc637926204c') in 0.013419 seconds 
========================================================================
Received Import Request.
  Time since last request: 0.000162 seconds.
  path: Assets/Scenes/Map/Lightmap-10_comp_shadowmask.png
  artifactKey: Guid(e8cc451c7865c6f4aad2d8c6e50409a5) Importer(815301076,1909f56bfc062723c751e8b465ee728b)
Start importing Assets/Scenes/Map/Lightmap-10_comp_shadowmask.png using Guid(e8cc451c7865c6f4aad2d8c6e50409a5) Importer(815301076,1909f56bfc062723c751e8b465ee728b)  -> (artifact id: 'd0b9464bb3a0fa1357a4c9dab35fe376') in 0.010594 seconds 
========================================================================
Received Import Request.
  Time since last request: 0.000134 seconds.
  path: Assets/Scenes/Map/Lightmap-9_comp_dir.png
  artifactKey: Guid(76c37a913b3991044b229ad515c0a796) Importer(815301076,1909f56bfc062723c751e8b465ee728b)
Start importing Assets/Scenes/Map/Lightmap-9_comp_dir.png using Guid(76c37a913b3991044b229ad515c0a796) Importer(815301076,1909f56bfc062723c751e8b465ee728b)  -> (artifact id: 'd5e0499d8cc99773542ef94582ef7593') in 0.009409 seconds 
========================================================================
Received Import Request.
  Time since last request: 0.000170 seconds.
  path: Assets/Scenes/Map/Lightmap-5_comp_light.exr
  artifactKey: Guid(6295190049d11fb4da4063514e0af3ff) Importer(815301076,1909f56bfc062723c751e8b465ee728b)
Start importing Assets/Scenes/Map/Lightmap-5_comp_light.exr using Guid(6295190049d11fb4da4063514e0af3ff) Importer(815301076,1909f56bfc062723c751e8b465ee728b)  -> (artifact id: '3cefd03f9e9da3bdd42275006d8d72ab') in 0.010742 seconds 
========================================================================
Received Import Request.
  Time since last request: 81.736471 seconds.
  path: Assets/Models/Materials/Barrel_Albedo.mat
  artifactKey: Guid(932b06112c79f024796f7612a3e906ab) Importer(815301076,1909f56bfc062723c751e8b465ee728b)
Start importing Assets/Models/Materials/Barrel_Albedo.mat using Guid(932b06112c79f024796f7612a3e906ab) Importer(815301076,1909f56bfc062723c751e8b465ee728b)  -> (artifact id: 'd0744a9d6269102d70e8dd1c80b687df') in 0.026392 seconds 
========================================================================
Received Import Request.
  Time since last request: 0.000182 seconds.
  path: Assets/Models/Characters/Laura Stockt/Materials/Dress_Pbr_Diffuse.mat
  artifactKey: Guid(167c5ce24fe05674db5db3dfc832b00e) Importer(815301076,1909f56bfc062723c751e8b465ee728b)
Start importing Assets/Models/Characters/Laura Stockt/Materials/Dress_Pbr_Diffuse.mat using Guid(167c5ce24fe05674db5db3dfc832b00e) Importer(815301076,1909f56bfc062723c751e8b465ee728b)  -> (artifact id: 'f98cdafb909d3cd33f0ca403c3a5db27') in 0.032761 seconds 
========================================================================
Received Import Request.
  Time since last request: 0.000220 seconds.
  path: Assets/TextMesh Pro/Resources/Fonts & Materials/LiberationSans SDF - Outline.mat
  artifactKey: Guid(79459efec17a4d00a321bdcc27bbc385) Importer(815301076,1909f56bfc062723c751e8b465ee728b)
Start importing Assets/TextMesh Pro/Resources/Fonts & Materials/LiberationSans SDF - Outline.mat using Guid(79459efec17a4d00a321bdcc27bbc385) Importer(815301076,1909f56bfc062723c751e8b465ee728b)  -> (artifact id: '289988fcecf3b00d1602f8d2b589f7dd') in 0.030957 seconds 
========================================================================
Received Import Request.
  Time since last request: 0.000231 seconds.
  path: Assets/Models/Characters/Laura Stockt/Materials/Std_Tearline_L_Pbr_Diffuse.mat
  artifactKey: Guid(59c5f9830434b024d9aa962733927cf2) Importer(815301076,1909f56bfc062723c751e8b465ee728b)
Start importing Assets/Models/Characters/Laura Stockt/Materials/Std_Tearline_L_Pbr_Diffuse.mat using Guid(59c5f9830434b024d9aa962733927cf2) Importer(815301076,1909f56bfc062723c751e8b465ee728b)  -> (artifact id: '05da160a7d9e5424351f468a79a191fc') in 0.018816 seconds 
========================================================================
Received Import Request.
  Time since last request: 0.000203 seconds.
  path: Assets/Models/Characters/Laura Stockt/Materials/Std_Cornea_L_Pbr_Diffuse.mat
  artifactKey: Guid(1ebea32f729fcbc428eabc2cf8f0c24d) Importer(815301076,1909f56bfc062723c751e8b465ee728b)
Start importing Assets/Models/Characters/Laura Stockt/Materials/Std_Cornea_L_Pbr_Diffuse.mat using Guid(1ebea32f729fcbc428eabc2cf8f0c24d) Importer(815301076,1909f56bfc062723c751e8b465ee728b)  -> (artifact id: 'd54fbb6b3058d9d6437c7c9a079ff4a4') in 0.020199 seconds 
========================================================================
Received Import Request.
  Time since last request: 0.000180 seconds.
  path: Assets/Models/Characters/Laura Stockt/Materials/Std_Nails_Pbr_Diffuse.mat
  artifactKey: Guid(7a88f76b9172b0b4c92dbc499eec4df2) Importer(815301076,1909f56bfc062723c751e8b465ee728b)
Start importing Assets/Models/Characters/Laura Stockt/Materials/Std_Nails_Pbr_Diffuse.mat using Guid(7a88f76b9172b0b4c92dbc499eec4df2) Importer(815301076,1909f56bfc062723c751e8b465ee728b)  -> (artifact id: 'bf42dbcaf44bed0fe35c5037da81f4d6') in 0.031818 seconds 
========================================================================
Received Import Request.
  Time since last request: 0.000194 seconds.
  path: Assets/Models/Characters/Laura Stockt/Materials/Std_Skin_Leg_Pbr_Diffuse.mat
  artifactKey: Guid(7e4260e1722de55439fdc4454f8fb692) Importer(815301076,1909f56bfc062723c751e8b465ee728b)
Start importing Assets/Models/Characters/Laura Stockt/Materials/Std_Skin_Leg_Pbr_Diffuse.mat using Guid(7e4260e1722de55439fdc4454f8fb692) Importer(815301076,1909f56bfc062723c751e8b465ee728b)  -> (artifact id: 'b9f1b074fb477df16adc6a66879840a4') in 0.032009 seconds 
========================================================================
Received Import Request.
  Time since last request: 0.000155 seconds.
  path: Assets/Models/Characters/Laura Stockt/Materials/Low_rise_Shorts_Pbr_Diffuse.mat
  artifactKey: Guid(aa684a1e375762a45afab3ff729a79d2) Importer(815301076,1909f56bfc062723c751e8b465ee728b)
Start importing Assets/Models/Characters/Laura Stockt/Materials/Low_rise_Shorts_Pbr_Diffuse.mat using Guid(aa684a1e375762a45afab3ff729a79d2) Importer(815301076,1909f56bfc062723c751e8b465ee728b)  -> (artifact id: '49e01faf1640dd91d7326bc33e20f275') in 0.031848 seconds 
========================================================================
Received Import Request.
  Time since last request: 0.000179 seconds.
  path: Assets/Models/Characters/Laura Stockt/Materials/Hair_Transparency_0_Pbr_Diffuse.mat
  artifactKey: Guid(7433a0a5cc8a09644944b8f0ccfb5d86) Importer(815301076,1909f56bfc062723c751e8b465ee728b)
Start importing Assets/Models/Characters/Laura Stockt/Materials/Hair_Transparency_0_Pbr_Diffuse.mat using Guid(7433a0a5cc8a09644944b8f0ccfb5d86) Importer(815301076,1909f56bfc062723c751e8b465ee728b)  -> (artifact id: '9c5543ab8200b726245d6e27f0340a92') in 0.025190 seconds 
========================================================================
Received Import Request.
  Time since last request: 0.000218 seconds.
  path: Assets/Models/Characters/Laura Stockt/Materials/Std_Lower_Teeth_Pbr_Diffuse.mat
  artifactKey: Guid(72372aa5abd8b8748b2b7fa1e9739d1b) Importer(815301076,1909f56bfc062723c751e8b465ee728b)
Start importing Assets/Models/Characters/Laura Stockt/Materials/Std_Lower_Teeth_Pbr_Diffuse.mat using Guid(72372aa5abd8b8748b2b7fa1e9739d1b) Importer(815301076,1909f56bfc062723c751e8b465ee728b)  -> (artifact id: '10f0926386c5cde8f60a5cad6f52612b') in 0.027946 seconds 
========================================================================
Received Import Request.
  Time since last request: 0.000162 seconds.
  path: Assets/Models/Characters/Laura Stockt/Materials/Std_Eye_L_Pbr_Diffuse.mat
  artifactKey: Guid(3dc64fda7c71d704b8b03de220c8abd8) Importer(815301076,1909f56bfc062723c751e8b465ee728b)
Start importing Assets/Models/Characters/Laura Stockt/Materials/Std_Eye_L_Pbr_Diffuse.mat using Guid(3dc64fda7c71d704b8b03de220c8abd8) Importer(815301076,1909f56bfc062723c751e8b465ee728b)  -> (artifact id: '05f90e579d36138333795f14c677c20f') in 0.026707 seconds 
========================================================================
Received Import Request.
  Time since last request: 0.000173 seconds.
  path: Assets/Models/Characters/Laura Stockt/Materials/Female_Angled_Base_Transparency_Pbr_Diffuse.mat
  artifactKey: Guid(956e0799e1c2c764391c6e7134e946c9) Importer(815301076,1909f56bfc062723c751e8b465ee728b)
Start importing Assets/Models/Characters/Laura Stockt/Materials/Female_Angled_Base_Transparency_Pbr_Diffuse.mat using Guid(956e0799e1c2c764391c6e7134e946c9) Importer(815301076,1909f56bfc062723c751e8b465ee728b)  -> (artifact id: '63b34057734da07c5c3181b15602bf4d') in 0.020432 seconds 
========================================================================
Received Import Request.
  Time since last request: 0.000184 seconds.
  path: Assets/Models/Characters/Laura Stockt/Materials/Scalp_Transparency_Pbr_Diffuse.mat
  artifactKey: Guid(4d0b79cdf77e6fd459e22ef33d188b55) Importer(815301076,1909f56bfc062723c751e8b465ee728b)
Start importing Assets/Models/Characters/Laura Stockt/Materials/Scalp_Transparency_Pbr_Diffuse.mat using Guid(4d0b79cdf77e6fd459e22ef33d188b55) Importer(815301076,1909f56bfc062723c751e8b465ee728b)  -> (artifact id: '95faf856aa36cb2ee198483482a380cb') in 0.021016 seconds 
========================================================================
Received Import Request.
  Time since last request: 0.000160 seconds.
  path: Assets/Models/Characters/Laura Stockt/Materials/Std_Eye_R_Pbr_Diffuse.mat
  artifactKey: Guid(736174d72ddc66743af34d9df4378140) Importer(815301076,1909f56bfc062723c751e8b465ee728b)
Start importing Assets/Models/Characters/Laura Stockt/Materials/Std_Eye_R_Pbr_Diffuse.mat using Guid(736174d72ddc66743af34d9df4378140) Importer(815301076,1909f56bfc062723c751e8b465ee728b)  -> (artifact id: 'd28644abd1810d5bf491520272193234') in 0.027820 seconds 
========================================================================
Received Import Request.
  Time since last request: 0.000173 seconds.
  path: Assets/Models/Characters/Laura Stockt/Materials/Std_Tongue_Pbr_Diffuse.mat
  artifactKey: Guid(18904f65d6ca4564c80a2ea650bd2e3a) Importer(815301076,1909f56bfc062723c751e8b465ee728b)
Start importing Assets/Models/Characters/Laura Stockt/Materials/Std_Tongue_Pbr_Diffuse.mat using Guid(18904f65d6ca4564c80a2ea650bd2e3a) Importer(815301076,1909f56bfc062723c751e8b465ee728b)  -> (artifact id: 'db3430e4e70e68d0f9044a59ceee8153') in 0.031883 seconds 
========================================================================
Received Import Request.
  Time since last request: 0.000140 seconds.
  path: Assets/Models/Characters/Laura Stockt/Materials/Std_Cornea_R_Pbr_Diffuse.mat
  artifactKey: Guid(55fffbdfc0a6a634b891b1467e520205) Importer(815301076,1909f56bfc062723c751e8b465ee728b)
Start importing Assets/Models/Characters/Laura Stockt/Materials/Std_Cornea_R_Pbr_Diffuse.mat using Guid(55fffbdfc0a6a634b891b1467e520205) Importer(815301076,1909f56bfc062723c751e8b465ee728b)  -> (artifact id: '522d4c3e94a8bfce7b9c16954d2cdc51') in 0.030642 seconds 
========================================================================
Received Import Request.
  Time since last request: 0.000238 seconds.
  path: Assets/Models/Characters/Laura Stockt/Materials/Std_Upper_Teeth_Pbr_Diffuse.mat
  artifactKey: Guid(2adfe311764419f4094d548df077a263) Importer(815301076,1909f56bfc062723c751e8b465ee728b)
Start importing Assets/Models/Characters/Laura Stockt/Materials/Std_Upper_Teeth_Pbr_Diffuse.mat using Guid(2adfe311764419f4094d548df077a263) Importer(815301076,1909f56bfc062723c751e8b465ee728b)  -> (artifact id: 'dc561bd620232f6f4ea46a34133a8020') in 0.034793 seconds 
========================================================================
Received Import Request.
  Time since last request: 0.000180 seconds.
  path: Assets/Models/Characters/Laura Stockt/Materials/Std_Skin_Body_Pbr_Diffuse.mat
  artifactKey: Guid(5a6f6a89e7d0c8146bc024d9ef6aa00e) Importer(815301076,1909f56bfc062723c751e8b465ee728b)
Start importing Assets/Models/Characters/Laura Stockt/Materials/Std_Skin_Body_Pbr_Diffuse.mat using Guid(5a6f6a89e7d0c8146bc024d9ef6aa00e) Importer(815301076,1909f56bfc062723c751e8b465ee728b)  -> (artifact id: 'e79b6ab21049659fa39435f55fbca10b') in 0.037962 seconds 
========================================================================
Received Import Request.
  Time since last request: 0.000170 seconds.
  path: Assets/Models/Characters/Laura Stockt/Materials/Buckle_Pbr_Diffuse.mat
  artifactKey: Guid(198f115389ef5cc4eba4ee0474e567f9) Importer(815301076,1909f56bfc062723c751e8b465ee728b)
Start importing Assets/Models/Characters/Laura Stockt/Materials/Buckle_Pbr_Diffuse.mat using Guid(198f115389ef5cc4eba4ee0474e567f9) Importer(815301076,1909f56bfc062723c751e8b465ee728b)  -> (artifact id: '71de20fdaae85314acd6934bff0c4f1d') in 0.030352 seconds 
========================================================================
Received Import Request.
  Time since last request: 0.000141 seconds.
  path: Assets/Models/Characters/Laura Stockt/Materials/Boots_Pbr_Diffuse.mat
  artifactKey: Guid(baa94225923b35d46961288f9d739f40) Importer(815301076,1909f56bfc062723c751e8b465ee728b)
Start importing Assets/Models/Characters/Laura Stockt/Materials/Boots_Pbr_Diffuse.mat using Guid(baa94225923b35d46961288f9d739f40) Importer(815301076,1909f56bfc062723c751e8b465ee728b)  -> (artifact id: '66fe387ac98814d3d3ac82806b228c9c') in 0.028112 seconds 
========================================================================
Received Import Request.
  Time since last request: 0.000155 seconds.
  path: Assets/Models/Characters/Laura Stockt/Materials/Std_Skin_Arm_Pbr_Diffuse.mat
  artifactKey: Guid(630e07310a8b08e42962121a5a6b064c) Importer(815301076,1909f56bfc062723c751e8b465ee728b)
Start importing Assets/Models/Characters/Laura Stockt/Materials/Std_Skin_Arm_Pbr_Diffuse.mat using Guid(630e07310a8b08e42962121a5a6b064c) Importer(815301076,1909f56bfc062723c751e8b465ee728b)  -> (artifact id: 'c3d40bd2e28add61ae8ed223551e709c') in 0.032161 seconds 
========================================================================
Received Import Request.
  Time since last request: 0.000139 seconds.
  path: Assets/TextMesh Pro/Fonts/LiberationSans.ttf
  artifactKey: Guid(e3265ab4bf004d28a9537516768c1c75) Importer(815301076,1909f56bfc062723c751e8b465ee728b)
Start importing Assets/TextMesh Pro/Fonts/LiberationSans.ttf using Guid(e3265ab4bf004d28a9537516768c1c75) Importer(815301076,1909f56bfc062723c751e8b465ee728b)  -> (artifact id: 'd32e607ed33c2d351adb4b896889e87b') in 0.021657 seconds 
========================================================================
Received Import Request.
  Time since last request: 0.000224 seconds.
  path: Assets/TextMesh Pro/Resources/Fonts & Materials/LiberationSans SDF - Drop Shadow.mat
  artifactKey: Guid(e73a58f6e2794ae7b1b7e50b7fb811b0) Importer(815301076,1909f56bfc062723c751e8b465ee728b)
Start importing Assets/TextMesh Pro/Resources/Fonts & Materials/LiberationSans SDF - Drop Shadow.mat using Guid(e73a58f6e2794ae7b1b7e50b7fb811b0) Importer(815301076,1909f56bfc062723c751e8b465ee728b)  -> (artifact id: 'ca0d2861f60500f05bd29199894f7bb5') in 0.028907 seconds 
========================================================================
Received Import Request.
  Time since last request: 0.000175 seconds.
  path: Assets/Models/Characters/Laura Stockt/Materials/Std_Eye_Occlusion_R_Pbr_Diffuse.mat
  artifactKey: Guid(cb6d8aea0a7ebcc4ab90fcc049c0c506) Importer(815301076,1909f56bfc062723c751e8b465ee728b)
Start importing Assets/Models/Characters/Laura Stockt/Materials/Std_Eye_Occlusion_R_Pbr_Diffuse.mat using Guid(cb6d8aea0a7ebcc4ab90fcc049c0c506) Importer(815301076,1909f56bfc062723c751e8b465ee728b)  -> (artifact id: '102cc2ed7277e0e23031a13751c298c3') in 0.021075 seconds 
========================================================================
Received Import Request.
  Time since last request: 0.000163 seconds.
  path: Assets/Models/Materials/Streetlamp_Pole.mat
  artifactKey: Guid(880b7db525c344a4f9be0c4ad402b61a) Importer(815301076,1909f56bfc062723c751e8b465ee728b)
Start importing Assets/Models/Materials/Streetlamp_Pole.mat using Guid(880b7db525c344a4f9be0c4ad402b61a) Importer(815301076,1909f56bfc062723c751e8b465ee728b)  -> (artifact id: '318b8f4a489bfd688ad00ad80ca7dec2') in 0.013097 seconds 
========================================================================
Received Import Request.
  Time since last request: 0.000185 seconds.
  path: Assets/Models/Characters/Laura Stockt/Materials/Belt_Pbr_Diffuse.mat
  artifactKey: Guid(1c6811dad089c0d458bb51f854035b54) Importer(815301076,1909f56bfc062723c751e8b465ee728b)
Start importing Assets/Models/Characters/Laura Stockt/Materials/Belt_Pbr_Diffuse.mat using Guid(1c6811dad089c0d458bb51f854035b54) Importer(815301076,1909f56bfc062723c751e8b465ee728b)  -> (artifact id: '261932dad4c9cd2b3ffd9a817c396843') in 0.028292 seconds 
========================================================================
Received Import Request.
  Time since last request: 0.000144 seconds.
  path: Assets/Models/Characters/Laura Stockt/Materials/Std_Eye_Occlusion_L_Pbr_Diffuse.mat
  artifactKey: Guid(0e6b15fb826ce684584d970cc1baa9e1) Importer(815301076,1909f56bfc062723c751e8b465ee728b)
Start importing Assets/Models/Characters/Laura Stockt/Materials/Std_Eye_Occlusion_L_Pbr_Diffuse.mat using Guid(0e6b15fb826ce684584d970cc1baa9e1) Importer(815301076,1909f56bfc062723c751e8b465ee728b)  -> (artifact id: 'cdcabf1574e317fa4ac9279de76308fd') in 0.018264 seconds 
========================================================================
Received Import Request.
  Time since last request: 0.000180 seconds.
  path: Assets/Models/Characters/Laura Stockt/Materials/Hair_Transparency_1_Pbr_Diffuse.mat
  artifactKey: Guid(7e32ae2fa2bcb0b49bc59d6e733ec07d) Importer(815301076,1909f56bfc062723c751e8b465ee728b)
Start importing Assets/Models/Characters/Laura Stockt/Materials/Hair_Transparency_1_Pbr_Diffuse.mat using Guid(7e32ae2fa2bcb0b49bc59d6e733ec07d) Importer(815301076,1909f56bfc062723c751e8b465ee728b)  -> (artifact id: '3a067a9aa2d88038a9345276c81b25df') in 0.023171 seconds 
========================================================================
Received Import Request.
  Time since last request: 0.000182 seconds.
  path: Assets/Models/Characters/Laura Stockt/Materials/Hair_Transparency_2_Pbr_Diffuse.mat
  artifactKey: Guid(6528e0297f27baa4db0de545b734dc21) Importer(815301076,1909f56bfc062723c751e8b465ee728b)
Start importing Assets/Models/Characters/Laura Stockt/Materials/Hair_Transparency_2_Pbr_Diffuse.mat using Guid(6528e0297f27baa4db0de545b734dc21) Importer(815301076,1909f56bfc062723c751e8b465ee728b)  -> (artifact id: '3958a663092ced9ccd4487fe769ef1c2') in 0.025373 seconds 
========================================================================
Received Import Request.
  Time since last request: 0.000164 seconds.
  path: Assets/Models/Characters/Laura Stockt/Materials/Std_Skin_Head_Pbr_Diffuse.mat
  artifactKey: Guid(da6a5724a97b4e94c98fc5413c2b6fdc) Importer(815301076,1909f56bfc062723c751e8b465ee728b)
Start importing Assets/Models/Characters/Laura Stockt/Materials/Std_Skin_Head_Pbr_Diffuse.mat using Guid(da6a5724a97b4e94c98fc5413c2b6fdc) Importer(815301076,1909f56bfc062723c751e8b465ee728b)  -> (artifact id: '81afbf69fdd5b8cc9a7211796ba4116b') in 0.032473 seconds 
========================================================================
Received Import Request.
  Time since last request: 0.000198 seconds.
  path: Assets/Models/Characters/Laura Stockt/Materials/Std_Tearline_R_Pbr_Diffuse.mat
  artifactKey: Guid(c0bb2bb132891c34fb02b1aaba6442be) Importer(815301076,1909f56bfc062723c751e8b465ee728b)
Start importing Assets/Models/Characters/Laura Stockt/Materials/Std_Tearline_R_Pbr_Diffuse.mat using Guid(c0bb2bb132891c34fb02b1aaba6442be) Importer(815301076,1909f56bfc062723c751e8b465ee728b)  -> (artifact id: '5ace8a67c25a86a1ff47147a866b366a') in 0.018441 seconds 
========================================================================
Received Import Request.
  Time since last request: 0.000222 seconds.
  path: Assets/Models/Characters/Laura Stockt/Materials/Underwear_Bottoms_Pbr_Diffuse.mat
  artifactKey: Guid(bed0875e614d63c4189b169582065ae5) Importer(815301076,1909f56bfc062723c751e8b465ee728b)
Start importing Assets/Models/Characters/Laura Stockt/Materials/Underwear_Bottoms_Pbr_Diffuse.mat using Guid(bed0875e614d63c4189b169582065ae5) Importer(815301076,1909f56bfc062723c751e8b465ee728b)  -> (artifact id: 'fae77443e6d9cfab8b207d679ae14d10') in 0.026999 seconds 
========================================================================
Received Import Request.
  Time since last request: 0.000286 seconds.
  path: Assets/Models/Characters/Laura Stockt/Materials/Female_Angled_Transparency_Pbr_Diffuse.mat
  artifactKey: Guid(8d3d835c58814904f8cf5e21ec6056a2) Importer(815301076,1909f56bfc062723c751e8b465ee728b)
Start importing Assets/Models/Characters/Laura Stockt/Materials/Female_Angled_Transparency_Pbr_Diffuse.mat using Guid(8d3d835c58814904f8cf5e21ec6056a2) Importer(815301076,1909f56bfc062723c751e8b465ee728b)  -> (artifact id: '636ec67161f1fefb4c868128bfb333a9') in 0.025796 seconds 
========================================================================
Received Import Request.
  Time since last request: 0.000160 seconds.
  path: Assets/Models/Characters/Laura Stockt/Materials/Bra_Pbr_Diffuse.mat
  artifactKey: Guid(5fa25d76596874a4ea52861b5dec4615) Importer(815301076,1909f56bfc062723c751e8b465ee728b)
Start importing Assets/Models/Characters/Laura Stockt/Materials/Bra_Pbr_Diffuse.mat using Guid(5fa25d76596874a4ea52861b5dec4615) Importer(815301076,1909f56bfc062723c751e8b465ee728b)  -> (artifact id: '5607803a4e9339ae2ca6de338dc4200f') in 0.026951 seconds 
========================================================================
Received Import Request.
  Time since last request: 0.000189 seconds.
  path: Assets/Models/Characters/Laura Stockt/Materials/Std_Eyelash_Pbr_Diffuse.mat
  artifactKey: Guid(e80e12fa87014774c9b574239d85f017) Importer(815301076,1909f56bfc062723c751e8b465ee728b)
Start importing Assets/Models/Characters/Laura Stockt/Materials/Std_Eyelash_Pbr_Diffuse.mat using Guid(e80e12fa87014774c9b574239d85f017) Importer(815301076,1909f56bfc062723c751e8b465ee728b)  -> (artifact id: '9520cc2580c145f357664a132212fb28') in 0.034556 seconds 
========================================================================
Received Import Request.
  Time since last request: 0.000190 seconds.
  path: Assets/Models/Characters/Laura Stockt/Materials/Hair_Transparency_Pbr_Diffuse.mat
  artifactKey: Guid(7084b2784de0dbf4ab7f68dbefc2b5aa) Importer(815301076,1909f56bfc062723c751e8b465ee728b)
Start importing Assets/Models/Characters/Laura Stockt/Materials/Hair_Transparency_Pbr_Diffuse.mat using Guid(7084b2784de0dbf4ab7f68dbefc2b5aa) Importer(815301076,1909f56bfc062723c751e8b465ee728b)  -> (artifact id: '582eac150b7abbf382de7ce95dd2af0f') in 0.026133 seconds 
========================================================================
Received Import Request.
  Time since last request: 22.561327 seconds.
  path: Assets/Models/streetlamp.blend
  artifactKey: Guid(27186bb92682c7146b14bc615b05f262) Importer(815301076,1909f56bfc062723c751e8b465ee728b)
Start importing Assets/Models/streetlamp.blend using Guid(27186bb92682c7146b14bc615b05f262) Importer(815301076,1909f56bfc062723c751e8b465ee728b)  -> (artifact id: '06dcd7d38794bd6d2082d68d3f7658b2') in 0.016664 seconds 
